<?xml version="1.0" encoding="UTF-8"?>
<!-- Generated by org.testng.reporters.JUnitReportReporter -->
<testsuite skipped="0" hostname="FNFILPT489" name="Rest.Api.S" tests="1" failures="0" timestamp="2020-06-08T13:16:55 IST" time="13.482" errors="0">
  <testcase name="test" time="13.482" classname="Rest.Api.S"/>
  <system-out/>
</testsuite> <!-- Rest.Api.S -->
